<?xml version="1.0" encoding="UTF-8"?>
<!-- Generated by org.testng.reporters.JUnitReportReporter -->
<testsuite hostname="DESKTOP-AD44IUN" failures="0" tests="10" name="com.testcases.Register" time="34.283" errors="0" timestamp="2023-06-05T12:49:39 IST" skipped="0">
  <testcase classname="com.testcases.Register" name="account" time="1.106"/>
  <system-out/>
  <testcase classname="com.testcases.Register" name="registerPage" time="4.226"/>
  <system-out/>
  <testcase classname="com.testcases.Register" name="registerPage" time="3.274"/>
  <system-out/>
  <testcase classname="com.testcases.Register" name="registerPage" time="3.240"/>
  <system-out/>
  <testcase classname="com.testcases.Register" name="registerPage" time="3.487"/>
  <system-out/>
  <testcase classname="com.testcases.Register" name="registerPage" time="4.224"/>
  <system-out/>
  <testcase classname="com.testcases.Register" name="registerPage" time="3.209"/>
  <system-out/>
  <testcase classname="com.testcases.Register" name="registerPage" time="3.631"/>
  <system-out/>
  <testcase classname="com.testcases.Register" name="registerPage" time="3.337"/>
  <system-out/>
  <testcase classname="com.testcases.Register" name="registerPage" time="4.549"/>
  <system-out/>
</testsuite> <!-- com.testcases.Register -->
